[0.075s] DEBUG:colcon:Command line arguments: ['/usr/bin/colcon', 'build']
[0.075s] DEBUG:colcon:Parsed command line arguments: Namespace(log_base=None, log_level=None, verb_name='build', build_base='build', install_base='install', merge_install=False, symlink_install=False, test_result_base=None, continue_on_error=False, executor='parallel', parallel_workers=28, event_handlers=None, ignore_user_meta=False, metas=['./colcon.meta'], base_paths=['.'], packages_ignore=None, packages_ignore_regex=None, paths=None, packages_up_to=None, packages_up_to_regex=None, packages_above=None, packages_above_and_dependencies=None, packages_above_depth=None, packages_select_by_dep=None, packages_skip_by_dep=None, packages_skip_up_to=None, packages_select_build_failed=False, packages_skip_build_finished=False, packages_select_test_failures=False, packages_skip_test_passed=False, packages_select=None, packages_skip=None, packages_select_regex=None, packages_skip_regex=None, packages_start=None, packages_end=None, allow_overriding=[], cmake_args=None, cmake_target=None, cmake_target_skip_unavailable=False, cmake_clean_cache=False, cmake_clean_first=False, cmake_force_configure=False, ament_cmake_args=None, catkin_cmake_args=None, catkin_skip_building_tests=False, mixin_files=None, mixin=None, verb_parser=<colcon_mixin.mixin.mixin_argument.MixinArgumentDecorator object at 0x7bab1309d4e0>, verb_extension=<colcon_core.verb.build.BuildVerb object at 0x7bab1309cf10>, main=<bound method BuildVerb.main of <colcon_core.verb.build.BuildVerb object at 0x7bab1309cf10>>, mixin_verb=('build',))
[0.169s] Level 1:colcon.colcon_core.package_discovery:discover_packages(colcon_meta) check parameters
[0.169s] Level 1:colcon.colcon_core.package_discovery:discover_packages(recursive) check parameters
[0.169s] Level 1:colcon.colcon_core.package_discovery:discover_packages(ignore) check parameters
[0.169s] Level 1:colcon.colcon_core.package_discovery:discover_packages(path) check parameters
[0.169s] Level 1:colcon.colcon_core.package_discovery:discover_packages(colcon_meta) discover
[0.169s] Level 1:colcon.colcon_core.package_discovery:discover_packages(recursive) discover
[0.169s] INFO:colcon.colcon_core.package_discovery:Crawling recursively for packages in '/home/svaya/Pr_challenge/movit_challenge_ws'
[0.169s] Level 1:colcon.colcon_core.package_identification:_identify(.) by extensions ['ignore', 'ignore_ament_install']
[0.169s] Level 1:colcon.colcon_core.package_identification:_identify(.) by extension 'ignore'
[0.169s] Level 1:colcon.colcon_core.package_identification:_identify(.) by extension 'ignore_ament_install'
[0.170s] Level 1:colcon.colcon_core.package_identification:_identify(.) by extensions ['colcon_pkg']
[0.170s] Level 1:colcon.colcon_core.package_identification:_identify(.) by extension 'colcon_pkg'
[0.170s] Level 1:colcon.colcon_core.package_identification:_identify(.) by extensions ['colcon_meta']
[0.170s] Level 1:colcon.colcon_core.package_identification:_identify(.) by extension 'colcon_meta'
[0.170s] Level 1:colcon.colcon_core.package_identification:_identify(.) by extensions ['ros']
[0.170s] Level 1:colcon.colcon_core.package_identification:_identify(.) by extension 'ros'
[0.180s] Level 1:colcon.colcon_core.package_identification:_identify(.) by extensions ['cmake', 'python']
[0.180s] Level 1:colcon.colcon_core.package_identification:_identify(.) by extension 'cmake'
[0.180s] Level 1:colcon.colcon_core.package_identification:_identify(.) by extension 'python'
[0.180s] Level 1:colcon.colcon_core.package_identification:_identify(.) by extensions ['python_setup_py']
[0.180s] Level 1:colcon.colcon_core.package_identification:_identify(.) by extension 'python_setup_py'
[0.180s] Level 1:colcon.colcon_core.package_identification:_identify(build) by extensions ['ignore', 'ignore_ament_install']
[0.180s] Level 1:colcon.colcon_core.package_identification:_identify(build) by extension 'ignore'
[0.180s] Level 1:colcon.colcon_core.package_identification:_identify(build) ignored
[0.180s] Level 1:colcon.colcon_core.package_identification:_identify(install) by extensions ['ignore', 'ignore_ament_install']
[0.181s] Level 1:colcon.colcon_core.package_identification:_identify(install) by extension 'ignore'
[0.181s] Level 1:colcon.colcon_core.package_identification:_identify(install) ignored
[0.181s] Level 1:colcon.colcon_core.package_identification:_identify(log) by extensions ['ignore', 'ignore_ament_install']
[0.181s] Level 1:colcon.colcon_core.package_identification:_identify(log) by extension 'ignore'
[0.181s] Level 1:colcon.colcon_core.package_identification:_identify(log) ignored
[0.181s] Level 1:colcon.colcon_core.package_identification:_identify(src) by extensions ['ignore', 'ignore_ament_install']
[0.181s] Level 1:colcon.colcon_core.package_identification:_identify(src) by extension 'ignore'
[0.181s] Level 1:colcon.colcon_core.package_identification:_identify(src) by extension 'ignore_ament_install'
[0.181s] Level 1:colcon.colcon_core.package_identification:_identify(src) by extensions ['colcon_pkg']
[0.181s] Level 1:colcon.colcon_core.package_identification:_identify(src) by extension 'colcon_pkg'
[0.181s] Level 1:colcon.colcon_core.package_identification:_identify(src) by extensions ['colcon_meta']
[0.181s] Level 1:colcon.colcon_core.package_identification:_identify(src) by extension 'colcon_meta'
[0.181s] Level 1:colcon.colcon_core.package_identification:_identify(src) by extensions ['ros']
[0.181s] Level 1:colcon.colcon_core.package_identification:_identify(src) by extension 'ros'
[0.181s] Level 1:colcon.colcon_core.package_identification:_identify(src) by extensions ['cmake', 'python']
[0.181s] Level 1:colcon.colcon_core.package_identification:_identify(src) by extension 'cmake'
[0.181s] Level 1:colcon.colcon_core.package_identification:_identify(src) by extension 'python'
[0.181s] Level 1:colcon.colcon_core.package_identification:_identify(src) by extensions ['python_setup_py']
[0.181s] Level 1:colcon.colcon_core.package_identification:_identify(src) by extension 'python_setup_py'
[0.181s] Level 1:colcon.colcon_core.package_identification:_identify(src/Universal_Robots_ROS2_Description) by extensions ['ignore', 'ignore_ament_install']
[0.181s] Level 1:colcon.colcon_core.package_identification:_identify(src/Universal_Robots_ROS2_Description) by extension 'ignore'
[0.181s] Level 1:colcon.colcon_core.package_identification:_identify(src/Universal_Robots_ROS2_Description) by extension 'ignore_ament_install'
[0.181s] Level 1:colcon.colcon_core.package_identification:_identify(src/Universal_Robots_ROS2_Description) by extensions ['colcon_pkg']
[0.181s] Level 1:colcon.colcon_core.package_identification:_identify(src/Universal_Robots_ROS2_Description) by extension 'colcon_pkg'
[0.181s] Level 1:colcon.colcon_core.package_identification:_identify(src/Universal_Robots_ROS2_Description) by extensions ['colcon_meta']
[0.181s] Level 1:colcon.colcon_core.package_identification:_identify(src/Universal_Robots_ROS2_Description) by extension 'colcon_meta'
[0.181s] Level 1:colcon.colcon_core.package_identification:_identify(src/Universal_Robots_ROS2_Description) by extensions ['ros']
[0.181s] Level 1:colcon.colcon_core.package_identification:_identify(src/Universal_Robots_ROS2_Description) by extension 'ros'
[0.183s] DEBUG:colcon.colcon_core.package_identification:Package 'src/Universal_Robots_ROS2_Description' with type 'ros.ament_cmake' and name 'ur_description'
[0.183s] Level 1:colcon.colcon_core.package_identification:_identify(src/ur5e_arm_moveit_config) by extensions ['ignore', 'ignore_ament_install']
[0.183s] Level 1:colcon.colcon_core.package_identification:_identify(src/ur5e_arm_moveit_config) by extension 'ignore'
[0.183s] Level 1:colcon.colcon_core.package_identification:_identify(src/ur5e_arm_moveit_config) by extension 'ignore_ament_install'
[0.183s] Level 1:colcon.colcon_core.package_identification:_identify(src/ur5e_arm_moveit_config) by extensions ['colcon_pkg']
[0.183s] Level 1:colcon.colcon_core.package_identification:_identify(src/ur5e_arm_moveit_config) by extension 'colcon_pkg'
[0.183s] Level 1:colcon.colcon_core.package_identification:_identify(src/ur5e_arm_moveit_config) by extensions ['colcon_meta']
[0.183s] Level 1:colcon.colcon_core.package_identification:_identify(src/ur5e_arm_moveit_config) by extension 'colcon_meta'
[0.183s] Level 1:colcon.colcon_core.package_identification:_identify(src/ur5e_arm_moveit_config) by extensions ['ros']
[0.183s] Level 1:colcon.colcon_core.package_identification:_identify(src/ur5e_arm_moveit_config) by extension 'ros'
[0.183s] DEBUG:colcon.colcon_core.package_identification:Package 'src/ur5e_arm_moveit_config' with type 'ros.ament_cmake' and name 'ur5e_arm_moveit_config'
[0.183s] Level 1:colcon.colcon_core.package_discovery:discover_packages(recursive) using defaults
[0.183s] Level 1:colcon.colcon_core.package_discovery:discover_packages(ignore) discover
[0.183s] Level 1:colcon.colcon_core.package_discovery:discover_packages(ignore) using defaults
[0.183s] Level 1:colcon.colcon_core.package_discovery:discover_packages(path) discover
[0.183s] Level 1:colcon.colcon_core.package_discovery:discover_packages(path) using defaults
[0.194s] Level 1:colcon.colcon_core.package_discovery:discover_packages(prefix_path) check parameters
[0.194s] Level 1:colcon.colcon_core.package_discovery:discover_packages(prefix_path) discover
[0.196s] DEBUG:colcon.colcon_installed_package_information.package_discovery:Found 2 installed packages in /home/svaya/Pr_challenge/movit_challenge_ws/install
[0.197s] DEBUG:colcon.colcon_installed_package_information.package_discovery:Found 55 installed packages in /home/svaya/ws_moveit2/install
[0.198s] DEBUG:colcon.colcon_installed_package_information.package_discovery:Found 5 installed packages in /home/svaya/gz_control/install
[0.198s] DEBUG:colcon.colcon_installed_package_information.package_discovery:Found 15 installed packages in /home/svaya/ros_ws/install
[0.199s] DEBUG:colcon.colcon_installed_package_information.package_discovery:Found 1 installed packages in /home/svaya/laser_ws/install
[0.199s] DEBUG:colcon.colcon_installed_package_information.package_discovery:Found 423 installed packages in /opt/ros/humble
[0.201s] Level 1:colcon.colcon_core.package_discovery:discover_packages(prefix_path) using defaults
[0.228s] Level 5:colcon.colcon_core.verb:set package 'ur_description' build argument 'cmake_args' from command line to 'None'
[0.228s] Level 5:colcon.colcon_core.verb:set package 'ur_description' build argument 'cmake_target' from command line to 'None'
[0.228s] Level 5:colcon.colcon_core.verb:set package 'ur_description' build argument 'cmake_target_skip_unavailable' from command line to 'False'
[0.228s] Level 5:colcon.colcon_core.verb:set package 'ur_description' build argument 'cmake_clean_cache' from command line to 'False'
[0.228s] Level 5:colcon.colcon_core.verb:set package 'ur_description' build argument 'cmake_clean_first' from command line to 'False'
[0.228s] Level 5:colcon.colcon_core.verb:set package 'ur_description' build argument 'cmake_force_configure' from command line to 'False'
[0.228s] Level 5:colcon.colcon_core.verb:set package 'ur_description' build argument 'ament_cmake_args' from command line to 'None'
[0.228s] Level 5:colcon.colcon_core.verb:set package 'ur_description' build argument 'catkin_cmake_args' from command line to 'None'
[0.228s] Level 5:colcon.colcon_core.verb:set package 'ur_description' build argument 'catkin_skip_building_tests' from command line to 'False'
[0.228s] DEBUG:colcon.colcon_core.verb:Building package 'ur_description' with the following arguments: {'ament_cmake_args': None, 'build_base': '/home/svaya/Pr_challenge/movit_challenge_ws/build/ur_description', 'catkin_cmake_args': None, 'catkin_skip_building_tests': False, 'cmake_args': None, 'cmake_clean_cache': False, 'cmake_clean_first': False, 'cmake_force_configure': False, 'cmake_target': None, 'cmake_target_skip_unavailable': False, 'install_base': '/home/svaya/Pr_challenge/movit_challenge_ws/install/ur_description', 'merge_install': False, 'path': '/home/svaya/Pr_challenge/movit_challenge_ws/src/Universal_Robots_ROS2_Description', 'symlink_install': False, 'test_result_base': None}
[0.228s] Level 5:colcon.colcon_core.verb:set package 'ur5e_arm_moveit_config' build argument 'cmake_args' from command line to 'None'
[0.228s] Level 5:colcon.colcon_core.verb:set package 'ur5e_arm_moveit_config' build argument 'cmake_target' from command line to 'None'
[0.228s] Level 5:colcon.colcon_core.verb:set package 'ur5e_arm_moveit_config' build argument 'cmake_target_skip_unavailable' from command line to 'False'
[0.228s] Level 5:colcon.colcon_core.verb:set package 'ur5e_arm_moveit_config' build argument 'cmake_clean_cache' from command line to 'False'
[0.228s] Level 5:colcon.colcon_core.verb:set package 'ur5e_arm_moveit_config' build argument 'cmake_clean_first' from command line to 'False'
[0.228s] Level 5:colcon.colcon_core.verb:set package 'ur5e_arm_moveit_config' build argument 'cmake_force_configure' from command line to 'False'
[0.228s] Level 5:colcon.colcon_core.verb:set package 'ur5e_arm_moveit_config' build argument 'ament_cmake_args' from command line to 'None'
[0.228s] Level 5:colcon.colcon_core.verb:set package 'ur5e_arm_moveit_config' build argument 'catkin_cmake_args' from command line to 'None'
[0.228s] Level 5:colcon.colcon_core.verb:set package 'ur5e_arm_moveit_config' build argument 'catkin_skip_building_tests' from command line to 'False'
[0.228s] DEBUG:colcon.colcon_core.verb:Building package 'ur5e_arm_moveit_config' with the following arguments: {'ament_cmake_args': None, 'build_base': '/home/svaya/Pr_challenge/movit_challenge_ws/build/ur5e_arm_moveit_config', 'catkin_cmake_args': None, 'catkin_skip_building_tests': False, 'cmake_args': None, 'cmake_clean_cache': False, 'cmake_clean_first': False, 'cmake_force_configure': False, 'cmake_target': None, 'cmake_target_skip_unavailable': False, 'install_base': '/home/svaya/Pr_challenge/movit_challenge_ws/install/ur5e_arm_moveit_config', 'merge_install': False, 'path': '/home/svaya/Pr_challenge/movit_challenge_ws/src/ur5e_arm_moveit_config', 'symlink_install': False, 'test_result_base': None}
[0.228s] INFO:colcon.colcon_core.executor:Executing jobs using 'parallel' executor
[0.229s] DEBUG:colcon.colcon_parallel_executor.executor.parallel:run_until_complete
[0.229s] INFO:colcon.colcon_ros.task.ament_cmake.build:Building ROS package in '/home/svaya/Pr_challenge/movit_challenge_ws/src/Universal_Robots_ROS2_Description' with build type 'ament_cmake'
[0.230s] INFO:colcon.colcon_cmake.task.cmake.build:Building CMake package in '/home/svaya/Pr_challenge/movit_challenge_ws/src/Universal_Robots_ROS2_Description'
[0.230s] INFO:colcon.colcon_core.plugin_system:Skipping extension 'colcon_core.shell.bat': Not used on non-Windows systems
[0.230s] INFO:colcon.colcon_core.shell:Skip shell extension 'powershell' for command environment: Not usable outside of PowerShell
[0.231s] DEBUG:colcon.colcon_core.shell:Skip shell extension 'dsv' for command environment
[0.240s] DEBUG:colcon.colcon_core.event_handler.log_command:Invoking command in '/home/svaya/Pr_challenge/movit_challenge_ws/build/ur_description': CMAKE_PREFIX_PATH=/home/svaya/Pr_challenge/movit_challenge_ws/install/ur5e_arm_moveit_config:/home/svaya/Pr_challenge/movit_challenge_ws/install/ur_description:/home/svaya/ws_moveit2/install/pilz_industrial_motion_planner_testutils:/home/svaya/ws_moveit2/install/moveit_runtime:/home/svaya/ws_moveit2/install/moveit2_tutorials:/home/svaya/ws_moveit2/install/moveit:/home/svaya/ws_moveit2/install/moveit_planners:/home/svaya/ws_moveit2/install/pilz_industrial_motion_planner:/home/svaya/ws_moveit2/install/moveit_visual_tools:/home/svaya/ws_moveit2/install/moveit_task_constructor_visualization:/home/svaya/ws_moveit2/install/moveit_task_constructor_demo:/home/svaya/ws_moveit2/install/moveit_task_constructor_capabilities:/home/svaya/ws_moveit2/install/moveit_task_constructor_core:/home/svaya/ws_moveit2/install/moveit_ros_control_interface:/home/svaya/ws_moveit2/install/moveit_plugins:/home/svaya/ws_moveit2/install/moveit_simple_controller_manager:/home/svaya/ws_moveit2/install/moveit_setup_assistant:/home/svaya/ws_moveit2/install/moveit_setup_srdf_plugins:/home/svaya/ws_moveit2/install/moveit_setup_core_plugins:/home/svaya/ws_moveit2/install/moveit_setup_controllers:/home/svaya/ws_moveit2/install/moveit_setup_app_plugins:/home/svaya/ws_moveit2/install/moveit_setup_framework:/home/svaya/ws_moveit2/install/moveit_servo:/home/svaya/ws_moveit2/install/moveit_ros:/home/svaya/ws_moveit2/install/moveit_ros_visualization:/home/svaya/ws_moveit2/install/moveit_hybrid_planning:/home/svaya/ws_moveit2/install/moveit_ros_planning_interface:/home/svaya/ws_moveit2/install/moveit_ros_benchmarks:/home/svaya/ws_moveit2/install/moveit_ros_warehouse:/home/svaya/ws_moveit2/install/moveit_ros_robot_interaction:/home/svaya/ws_moveit2/install/moveit_ros_perception:/home/svaya/ws_moveit2/install/moveit_resources_prbt_pg70_support:/home/svaya/ws_moveit2/install/moveit_resources_prbt_moveit_config:/home/svaya/ws_moveit2/install/moveit_ros_move_group:/home/svaya/ws_moveit2/install/moveit_planners_ompl:/home/svaya/ws_moveit2/install/moveit_ros_planning:/home/svaya/ws_moveit2/install/moveit_ros_occupancy_map_monitor:/home/svaya/ws_moveit2/install/moveit_resources_prbt_ikfast_manipulator_plugin:/home/svaya/ws_moveit2/install/moveit_planners_chomp:/home/svaya/ws_moveit2/install/moveit_kinematics:/home/svaya/ws_moveit2/install/moveit_chomp_optimizer_adapter:/home/svaya/ws_moveit2/install/chomp_motion_planner:/home/svaya/ws_moveit2/install/moveit_core:/home/svaya/ws_moveit2/install/srdfdom:/home/svaya/ws_moveit2/install/rviz_marker_tools:/home/svaya/ws_moveit2/install/rosparam_shortcuts:/home/svaya/ws_moveit2/install/moveit_task_constructor_msgs:/home/svaya/ws_moveit2/install/moveit_resources_prbt_support:/home/svaya/ws_moveit2/install/moveit_resources:/home/svaya/ws_moveit2/install/moveit_resources_pr2_description:/home/svaya/ws_moveit2/install/moveit_resources_panda_moveit_config:/home/svaya/ws_moveit2/install/moveit_resources_panda_description:/home/svaya/ws_moveit2/install/moveit_resources_fanuc_moveit_config:/home/svaya/ws_moveit2/install/moveit_resources_fanuc_description:/home/svaya/ws_moveit2/install/moveit_common:/home/svaya/ws_moveit2/install/moveit_configs_utils:/home/svaya/ws_moveit2/install/launch_param_builder:/opt/ros/humble:/home/svaya/ros_ws/install/urdf_tutorial:/home/svaya/ros_ws/install/urdf_launch:/home/svaya/ros_ws/install/cpp_srvcli:/home/svaya/ros_ws/install/cpp_pubsub:/home/svaya/ros_ws/install/tutorial_interfaces:/home/svaya/ros_ws/install/polygon_plugins:/home/svaya/ros_ws/install/polygon_base:/home/svaya/ros_ws/install/planner:/home/svaya/ros_ws/install/my_package:/home/svaya/ros_ws/install/more_interfaces:/home/svaya/ros_ws/install/cpp_parameters:/home/svaya/ros_ws/install/cartesian_planner:/home/svaya/ros_ws/install/bimanual:/home/svaya/ros_ws/install/action_tutorials_cpp:/home/svaya/ros_ws/install/action_tutorials_interfaces:/home/svaya/gz_control/install/ign_ros2_control_demos:/home/svaya/gz_control/install/ign_ros2_control:/home/svaya/gz_control/install/gz_ros2_control_tests:/home/svaya/gz_control/install/gz_ros2_control_demos:/home/svaya/gz_control/install/gz_ros2_control:/home/svaya/laser_ws/install/lms1xx /usr/bin/cmake --build /home/svaya/Pr_challenge/movit_challenge_ws/build/ur_description -- -j28 -l28
[0.275s] DEBUG:colcon.colcon_core.event_handler.log_command:Invoked command in '/home/svaya/Pr_challenge/movit_challenge_ws/build/ur_description' returned '0': CMAKE_PREFIX_PATH=/home/svaya/Pr_challenge/movit_challenge_ws/install/ur5e_arm_moveit_config:/home/svaya/Pr_challenge/movit_challenge_ws/install/ur_description:/home/svaya/ws_moveit2/install/pilz_industrial_motion_planner_testutils:/home/svaya/ws_moveit2/install/moveit_runtime:/home/svaya/ws_moveit2/install/moveit2_tutorials:/home/svaya/ws_moveit2/install/moveit:/home/svaya/ws_moveit2/install/moveit_planners:/home/svaya/ws_moveit2/install/pilz_industrial_motion_planner:/home/svaya/ws_moveit2/install/moveit_visual_tools:/home/svaya/ws_moveit2/install/moveit_task_constructor_visualization:/home/svaya/ws_moveit2/install/moveit_task_constructor_demo:/home/svaya/ws_moveit2/install/moveit_task_constructor_capabilities:/home/svaya/ws_moveit2/install/moveit_task_constructor_core:/home/svaya/ws_moveit2/install/moveit_ros_control_interface:/home/svaya/ws_moveit2/install/moveit_plugins:/home/svaya/ws_moveit2/install/moveit_simple_controller_manager:/home/svaya/ws_moveit2/install/moveit_setup_assistant:/home/svaya/ws_moveit2/install/moveit_setup_srdf_plugins:/home/svaya/ws_moveit2/install/moveit_setup_core_plugins:/home/svaya/ws_moveit2/install/moveit_setup_controllers:/home/svaya/ws_moveit2/install/moveit_setup_app_plugins:/home/svaya/ws_moveit2/install/moveit_setup_framework:/home/svaya/ws_moveit2/install/moveit_servo:/home/svaya/ws_moveit2/install/moveit_ros:/home/svaya/ws_moveit2/install/moveit_ros_visualization:/home/svaya/ws_moveit2/install/moveit_hybrid_planning:/home/svaya/ws_moveit2/install/moveit_ros_planning_interface:/home/svaya/ws_moveit2/install/moveit_ros_benchmarks:/home/svaya/ws_moveit2/install/moveit_ros_warehouse:/home/svaya/ws_moveit2/install/moveit_ros_robot_interaction:/home/svaya/ws_moveit2/install/moveit_ros_perception:/home/svaya/ws_moveit2/install/moveit_resources_prbt_pg70_support:/home/svaya/ws_moveit2/install/moveit_resources_prbt_moveit_config:/home/svaya/ws_moveit2/install/moveit_ros_move_group:/home/svaya/ws_moveit2/install/moveit_planners_ompl:/home/svaya/ws_moveit2/install/moveit_ros_planning:/home/svaya/ws_moveit2/install/moveit_ros_occupancy_map_monitor:/home/svaya/ws_moveit2/install/moveit_resources_prbt_ikfast_manipulator_plugin:/home/svaya/ws_moveit2/install/moveit_planners_chomp:/home/svaya/ws_moveit2/install/moveit_kinematics:/home/svaya/ws_moveit2/install/moveit_chomp_optimizer_adapter:/home/svaya/ws_moveit2/install/chomp_motion_planner:/home/svaya/ws_moveit2/install/moveit_core:/home/svaya/ws_moveit2/install/srdfdom:/home/svaya/ws_moveit2/install/rviz_marker_tools:/home/svaya/ws_moveit2/install/rosparam_shortcuts:/home/svaya/ws_moveit2/install/moveit_task_constructor_msgs:/home/svaya/ws_moveit2/install/moveit_resources_prbt_support:/home/svaya/ws_moveit2/install/moveit_resources:/home/svaya/ws_moveit2/install/moveit_resources_pr2_description:/home/svaya/ws_moveit2/install/moveit_resources_panda_moveit_config:/home/svaya/ws_moveit2/install/moveit_resources_panda_description:/home/svaya/ws_moveit2/install/moveit_resources_fanuc_moveit_config:/home/svaya/ws_moveit2/install/moveit_resources_fanuc_description:/home/svaya/ws_moveit2/install/moveit_common:/home/svaya/ws_moveit2/install/moveit_configs_utils:/home/svaya/ws_moveit2/install/launch_param_builder:/opt/ros/humble:/home/svaya/ros_ws/install/urdf_tutorial:/home/svaya/ros_ws/install/urdf_launch:/home/svaya/ros_ws/install/cpp_srvcli:/home/svaya/ros_ws/install/cpp_pubsub:/home/svaya/ros_ws/install/tutorial_interfaces:/home/svaya/ros_ws/install/polygon_plugins:/home/svaya/ros_ws/install/polygon_base:/home/svaya/ros_ws/install/planner:/home/svaya/ros_ws/install/my_package:/home/svaya/ros_ws/install/more_interfaces:/home/svaya/ros_ws/install/cpp_parameters:/home/svaya/ros_ws/install/cartesian_planner:/home/svaya/ros_ws/install/bimanual:/home/svaya/ros_ws/install/action_tutorials_cpp:/home/svaya/ros_ws/install/action_tutorials_interfaces:/home/svaya/gz_control/install/ign_ros2_control_demos:/home/svaya/gz_control/install/ign_ros2_control:/home/svaya/gz_control/install/gz_ros2_control_tests:/home/svaya/gz_control/install/gz_ros2_control_demos:/home/svaya/gz_control/install/gz_ros2_control:/home/svaya/laser_ws/install/lms1xx /usr/bin/cmake --build /home/svaya/Pr_challenge/movit_challenge_ws/build/ur_description -- -j28 -l28
[0.281s] DEBUG:colcon.colcon_core.event_handler.log_command:Invoking command in '/home/svaya/Pr_challenge/movit_challenge_ws/build/ur_description': CMAKE_PREFIX_PATH=/home/svaya/Pr_challenge/movit_challenge_ws/install/ur5e_arm_moveit_config:/home/svaya/Pr_challenge/movit_challenge_ws/install/ur_description:/home/svaya/ws_moveit2/install/pilz_industrial_motion_planner_testutils:/home/svaya/ws_moveit2/install/moveit_runtime:/home/svaya/ws_moveit2/install/moveit2_tutorials:/home/svaya/ws_moveit2/install/moveit:/home/svaya/ws_moveit2/install/moveit_planners:/home/svaya/ws_moveit2/install/pilz_industrial_motion_planner:/home/svaya/ws_moveit2/install/moveit_visual_tools:/home/svaya/ws_moveit2/install/moveit_task_constructor_visualization:/home/svaya/ws_moveit2/install/moveit_task_constructor_demo:/home/svaya/ws_moveit2/install/moveit_task_constructor_capabilities:/home/svaya/ws_moveit2/install/moveit_task_constructor_core:/home/svaya/ws_moveit2/install/moveit_ros_control_interface:/home/svaya/ws_moveit2/install/moveit_plugins:/home/svaya/ws_moveit2/install/moveit_simple_controller_manager:/home/svaya/ws_moveit2/install/moveit_setup_assistant:/home/svaya/ws_moveit2/install/moveit_setup_srdf_plugins:/home/svaya/ws_moveit2/install/moveit_setup_core_plugins:/home/svaya/ws_moveit2/install/moveit_setup_controllers:/home/svaya/ws_moveit2/install/moveit_setup_app_plugins:/home/svaya/ws_moveit2/install/moveit_setup_framework:/home/svaya/ws_moveit2/install/moveit_servo:/home/svaya/ws_moveit2/install/moveit_ros:/home/svaya/ws_moveit2/install/moveit_ros_visualization:/home/svaya/ws_moveit2/install/moveit_hybrid_planning:/home/svaya/ws_moveit2/install/moveit_ros_planning_interface:/home/svaya/ws_moveit2/install/moveit_ros_benchmarks:/home/svaya/ws_moveit2/install/moveit_ros_warehouse:/home/svaya/ws_moveit2/install/moveit_ros_robot_interaction:/home/svaya/ws_moveit2/install/moveit_ros_perception:/home/svaya/ws_moveit2/install/moveit_resources_prbt_pg70_support:/home/svaya/ws_moveit2/install/moveit_resources_prbt_moveit_config:/home/svaya/ws_moveit2/install/moveit_ros_move_group:/home/svaya/ws_moveit2/install/moveit_planners_ompl:/home/svaya/ws_moveit2/install/moveit_ros_planning:/home/svaya/ws_moveit2/install/moveit_ros_occupancy_map_monitor:/home/svaya/ws_moveit2/install/moveit_resources_prbt_ikfast_manipulator_plugin:/home/svaya/ws_moveit2/install/moveit_planners_chomp:/home/svaya/ws_moveit2/install/moveit_kinematics:/home/svaya/ws_moveit2/install/moveit_chomp_optimizer_adapter:/home/svaya/ws_moveit2/install/chomp_motion_planner:/home/svaya/ws_moveit2/install/moveit_core:/home/svaya/ws_moveit2/install/srdfdom:/home/svaya/ws_moveit2/install/rviz_marker_tools:/home/svaya/ws_moveit2/install/rosparam_shortcuts:/home/svaya/ws_moveit2/install/moveit_task_constructor_msgs:/home/svaya/ws_moveit2/install/moveit_resources_prbt_support:/home/svaya/ws_moveit2/install/moveit_resources:/home/svaya/ws_moveit2/install/moveit_resources_pr2_description:/home/svaya/ws_moveit2/install/moveit_resources_panda_moveit_config:/home/svaya/ws_moveit2/install/moveit_resources_panda_description:/home/svaya/ws_moveit2/install/moveit_resources_fanuc_moveit_config:/home/svaya/ws_moveit2/install/moveit_resources_fanuc_description:/home/svaya/ws_moveit2/install/moveit_common:/home/svaya/ws_moveit2/install/moveit_configs_utils:/home/svaya/ws_moveit2/install/launch_param_builder:/opt/ros/humble:/home/svaya/ros_ws/install/urdf_tutorial:/home/svaya/ros_ws/install/urdf_launch:/home/svaya/ros_ws/install/cpp_srvcli:/home/svaya/ros_ws/install/cpp_pubsub:/home/svaya/ros_ws/install/tutorial_interfaces:/home/svaya/ros_ws/install/polygon_plugins:/home/svaya/ros_ws/install/polygon_base:/home/svaya/ros_ws/install/planner:/home/svaya/ros_ws/install/my_package:/home/svaya/ros_ws/install/more_interfaces:/home/svaya/ros_ws/install/cpp_parameters:/home/svaya/ros_ws/install/cartesian_planner:/home/svaya/ros_ws/install/bimanual:/home/svaya/ros_ws/install/action_tutorials_cpp:/home/svaya/ros_ws/install/action_tutorials_interfaces:/home/svaya/gz_control/install/ign_ros2_control_demos:/home/svaya/gz_control/install/ign_ros2_control:/home/svaya/gz_control/install/gz_ros2_control_tests:/home/svaya/gz_control/install/gz_ros2_control_demos:/home/svaya/gz_control/install/gz_ros2_control:/home/svaya/laser_ws/install/lms1xx /usr/bin/cmake --install /home/svaya/Pr_challenge/movit_challenge_ws/build/ur_description
[0.289s] Level 1:colcon.colcon_core.environment:create_environment_scripts_only(ur_description)
[0.293s] DEBUG:colcon.colcon_core.event_handler.log_command:Invoked command in '/home/svaya/Pr_challenge/movit_challenge_ws/build/ur_description' returned '0': CMAKE_PREFIX_PATH=/home/svaya/Pr_challenge/movit_challenge_ws/install/ur5e_arm_moveit_config:/home/svaya/Pr_challenge/movit_challenge_ws/install/ur_description:/home/svaya/ws_moveit2/install/pilz_industrial_motion_planner_testutils:/home/svaya/ws_moveit2/install/moveit_runtime:/home/svaya/ws_moveit2/install/moveit2_tutorials:/home/svaya/ws_moveit2/install/moveit:/home/svaya/ws_moveit2/install/moveit_planners:/home/svaya/ws_moveit2/install/pilz_industrial_motion_planner:/home/svaya/ws_moveit2/install/moveit_visual_tools:/home/svaya/ws_moveit2/install/moveit_task_constructor_visualization:/home/svaya/ws_moveit2/install/moveit_task_constructor_demo:/home/svaya/ws_moveit2/install/moveit_task_constructor_capabilities:/home/svaya/ws_moveit2/install/moveit_task_constructor_core:/home/svaya/ws_moveit2/install/moveit_ros_control_interface:/home/svaya/ws_moveit2/install/moveit_plugins:/home/svaya/ws_moveit2/install/moveit_simple_controller_manager:/home/svaya/ws_moveit2/install/moveit_setup_assistant:/home/svaya/ws_moveit2/install/moveit_setup_srdf_plugins:/home/svaya/ws_moveit2/install/moveit_setup_core_plugins:/home/svaya/ws_moveit2/install/moveit_setup_controllers:/home/svaya/ws_moveit2/install/moveit_setup_app_plugins:/home/svaya/ws_moveit2/install/moveit_setup_framework:/home/svaya/ws_moveit2/install/moveit_servo:/home/svaya/ws_moveit2/install/moveit_ros:/home/svaya/ws_moveit2/install/moveit_ros_visualization:/home/svaya/ws_moveit2/install/moveit_hybrid_planning:/home/svaya/ws_moveit2/install/moveit_ros_planning_interface:/home/svaya/ws_moveit2/install/moveit_ros_benchmarks:/home/svaya/ws_moveit2/install/moveit_ros_warehouse:/home/svaya/ws_moveit2/install/moveit_ros_robot_interaction:/home/svaya/ws_moveit2/install/moveit_ros_perception:/home/svaya/ws_moveit2/install/moveit_resources_prbt_pg70_support:/home/svaya/ws_moveit2/install/moveit_resources_prbt_moveit_config:/home/svaya/ws_moveit2/install/moveit_ros_move_group:/home/svaya/ws_moveit2/install/moveit_planners_ompl:/home/svaya/ws_moveit2/install/moveit_ros_planning:/home/svaya/ws_moveit2/install/moveit_ros_occupancy_map_monitor:/home/svaya/ws_moveit2/install/moveit_resources_prbt_ikfast_manipulator_plugin:/home/svaya/ws_moveit2/install/moveit_planners_chomp:/home/svaya/ws_moveit2/install/moveit_kinematics:/home/svaya/ws_moveit2/install/moveit_chomp_optimizer_adapter:/home/svaya/ws_moveit2/install/chomp_motion_planner:/home/svaya/ws_moveit2/install/moveit_core:/home/svaya/ws_moveit2/install/srdfdom:/home/svaya/ws_moveit2/install/rviz_marker_tools:/home/svaya/ws_moveit2/install/rosparam_shortcuts:/home/svaya/ws_moveit2/install/moveit_task_constructor_msgs:/home/svaya/ws_moveit2/install/moveit_resources_prbt_support:/home/svaya/ws_moveit2/install/moveit_resources:/home/svaya/ws_moveit2/install/moveit_resources_pr2_description:/home/svaya/ws_moveit2/install/moveit_resources_panda_moveit_config:/home/svaya/ws_moveit2/install/moveit_resources_panda_description:/home/svaya/ws_moveit2/install/moveit_resources_fanuc_moveit_config:/home/svaya/ws_moveit2/install/moveit_resources_fanuc_description:/home/svaya/ws_moveit2/install/moveit_common:/home/svaya/ws_moveit2/install/moveit_configs_utils:/home/svaya/ws_moveit2/install/launch_param_builder:/opt/ros/humble:/home/svaya/ros_ws/install/urdf_tutorial:/home/svaya/ros_ws/install/urdf_launch:/home/svaya/ros_ws/install/cpp_srvcli:/home/svaya/ros_ws/install/cpp_pubsub:/home/svaya/ros_ws/install/tutorial_interfaces:/home/svaya/ros_ws/install/polygon_plugins:/home/svaya/ros_ws/install/polygon_base:/home/svaya/ros_ws/install/planner:/home/svaya/ros_ws/install/my_package:/home/svaya/ros_ws/install/more_interfaces:/home/svaya/ros_ws/install/cpp_parameters:/home/svaya/ros_ws/install/cartesian_planner:/home/svaya/ros_ws/install/bimanual:/home/svaya/ros_ws/install/action_tutorials_cpp:/home/svaya/ros_ws/install/action_tutorials_interfaces:/home/svaya/gz_control/install/ign_ros2_control_demos:/home/svaya/gz_control/install/ign_ros2_control:/home/svaya/gz_control/install/gz_ros2_control_tests:/home/svaya/gz_control/install/gz_ros2_control_demos:/home/svaya/gz_control/install/gz_ros2_control:/home/svaya/laser_ws/install/lms1xx /usr/bin/cmake --install /home/svaya/Pr_challenge/movit_challenge_ws/build/ur_description
[0.294s] Level 1:colcon.colcon_core.environment:checking '/home/svaya/Pr_challenge/movit_challenge_ws/install/ur_description' for CMake module files
[0.294s] Level 1:colcon.colcon_core.environment:checking '/home/svaya/Pr_challenge/movit_challenge_ws/install/ur_description' for CMake config files
[0.294s] Level 1:colcon.colcon_core.shell:create_environment_hook('ur_description', 'cmake_prefix_path')
[0.295s] INFO:colcon.colcon_core.shell:Creating environment hook '/home/svaya/Pr_challenge/movit_challenge_ws/install/ur_description/share/ur_description/hook/cmake_prefix_path.ps1'
[0.295s] INFO:colcon.colcon_core.shell:Creating environment descriptor '/home/svaya/Pr_challenge/movit_challenge_ws/install/ur_description/share/ur_description/hook/cmake_prefix_path.dsv'
[0.295s] INFO:colcon.colcon_core.shell:Creating environment hook '/home/svaya/Pr_challenge/movit_challenge_ws/install/ur_description/share/ur_description/hook/cmake_prefix_path.sh'
[0.296s] Level 1:colcon.colcon_core.environment:checking '/home/svaya/Pr_challenge/movit_challenge_ws/install/ur_description/bin'
[0.296s] Level 1:colcon.colcon_core.environment:checking '/home/svaya/Pr_challenge/movit_challenge_ws/install/ur_description/lib/pkgconfig/ur_description.pc'
[0.296s] Level 1:colcon.colcon_core.environment:checking '/home/svaya/Pr_challenge/movit_challenge_ws/install/ur_description/lib/python3.10/site-packages'
[0.296s] Level 1:colcon.colcon_core.environment:checking '/home/svaya/Pr_challenge/movit_challenge_ws/install/ur_description/bin'
[0.296s] INFO:colcon.colcon_core.shell:Creating package script '/home/svaya/Pr_challenge/movit_challenge_ws/install/ur_description/share/ur_description/package.ps1'
[0.296s] INFO:colcon.colcon_core.shell:Creating package descriptor '/home/svaya/Pr_challenge/movit_challenge_ws/install/ur_description/share/ur_description/package.dsv'
[0.297s] INFO:colcon.colcon_core.shell:Creating package script '/home/svaya/Pr_challenge/movit_challenge_ws/install/ur_description/share/ur_description/package.sh'
[0.297s] INFO:colcon.colcon_core.shell:Creating package script '/home/svaya/Pr_challenge/movit_challenge_ws/install/ur_description/share/ur_description/package.bash'
[0.297s] INFO:colcon.colcon_core.shell:Creating package script '/home/svaya/Pr_challenge/movit_challenge_ws/install/ur_description/share/ur_description/package.zsh'
[0.297s] Level 1:colcon.colcon_core.environment:create_file_with_runtime_dependencies(/home/svaya/Pr_challenge/movit_challenge_ws/install/ur_description/share/colcon-core/packages/ur_description)
[0.298s] Level 1:colcon.colcon_core.environment:create_environment_scripts_only(ur_description)
[0.298s] Level 1:colcon.colcon_core.environment:checking '/home/svaya/Pr_challenge/movit_challenge_ws/install/ur_description' for CMake module files
[0.298s] Level 1:colcon.colcon_core.environment:checking '/home/svaya/Pr_challenge/movit_challenge_ws/install/ur_description' for CMake config files
[0.298s] Level 1:colcon.colcon_core.shell:create_environment_hook('ur_description', 'cmake_prefix_path')
[0.298s] INFO:colcon.colcon_core.shell:Creating environment hook '/home/svaya/Pr_challenge/movit_challenge_ws/install/ur_description/share/ur_description/hook/cmake_prefix_path.ps1'
[0.298s] INFO:colcon.colcon_core.shell:Creating environment descriptor '/home/svaya/Pr_challenge/movit_challenge_ws/install/ur_description/share/ur_description/hook/cmake_prefix_path.dsv'
[0.299s] INFO:colcon.colcon_core.shell:Creating environment hook '/home/svaya/Pr_challenge/movit_challenge_ws/install/ur_description/share/ur_description/hook/cmake_prefix_path.sh'
[0.299s] Level 1:colcon.colcon_core.environment:checking '/home/svaya/Pr_challenge/movit_challenge_ws/install/ur_description/bin'
[0.299s] Level 1:colcon.colcon_core.environment:checking '/home/svaya/Pr_challenge/movit_challenge_ws/install/ur_description/lib/pkgconfig/ur_description.pc'
[0.299s] Level 1:colcon.colcon_core.environment:checking '/home/svaya/Pr_challenge/movit_challenge_ws/install/ur_description/lib/python3.10/site-packages'
[0.299s] Level 1:colcon.colcon_core.environment:checking '/home/svaya/Pr_challenge/movit_challenge_ws/install/ur_description/bin'
[0.299s] INFO:colcon.colcon_core.shell:Creating package script '/home/svaya/Pr_challenge/movit_challenge_ws/install/ur_description/share/ur_description/package.ps1'
[0.299s] INFO:colcon.colcon_core.shell:Creating package descriptor '/home/svaya/Pr_challenge/movit_challenge_ws/install/ur_description/share/ur_description/package.dsv'
[0.300s] INFO:colcon.colcon_core.shell:Creating package script '/home/svaya/Pr_challenge/movit_challenge_ws/install/ur_description/share/ur_description/package.sh'
[0.300s] INFO:colcon.colcon_core.shell:Creating package script '/home/svaya/Pr_challenge/movit_challenge_ws/install/ur_description/share/ur_description/package.bash'
[0.300s] INFO:colcon.colcon_core.shell:Creating package script '/home/svaya/Pr_challenge/movit_challenge_ws/install/ur_description/share/ur_description/package.zsh'
[0.300s] Level 1:colcon.colcon_core.environment:create_file_with_runtime_dependencies(/home/svaya/Pr_challenge/movit_challenge_ws/install/ur_description/share/colcon-core/packages/ur_description)
[0.300s] INFO:colcon.colcon_ros.task.ament_cmake.build:Building ROS package in '/home/svaya/Pr_challenge/movit_challenge_ws/src/ur5e_arm_moveit_config' with build type 'ament_cmake'
[0.300s] INFO:colcon.colcon_cmake.task.cmake.build:Building CMake package in '/home/svaya/Pr_challenge/movit_challenge_ws/src/ur5e_arm_moveit_config'
[0.300s] INFO:colcon.colcon_core.shell:Skip shell extension 'powershell' for command environment: Not usable outside of PowerShell
[0.300s] DEBUG:colcon.colcon_core.shell:Skip shell extension 'dsv' for command environment
[0.309s] DEBUG:colcon.colcon_core.event_handler.log_command:Invoking command in '/home/svaya/Pr_challenge/movit_challenge_ws/build/ur5e_arm_moveit_config': CMAKE_PREFIX_PATH=/home/svaya/Pr_challenge/movit_challenge_ws/install/ur_description:/home/svaya/Pr_challenge/movit_challenge_ws/install/ur5e_arm_moveit_config:/home/svaya/ws_moveit2/install/pilz_industrial_motion_planner_testutils:/home/svaya/ws_moveit2/install/moveit_runtime:/home/svaya/ws_moveit2/install/moveit2_tutorials:/home/svaya/ws_moveit2/install/moveit:/home/svaya/ws_moveit2/install/moveit_planners:/home/svaya/ws_moveit2/install/pilz_industrial_motion_planner:/home/svaya/ws_moveit2/install/moveit_visual_tools:/home/svaya/ws_moveit2/install/moveit_task_constructor_visualization:/home/svaya/ws_moveit2/install/moveit_task_constructor_demo:/home/svaya/ws_moveit2/install/moveit_task_constructor_capabilities:/home/svaya/ws_moveit2/install/moveit_task_constructor_core:/home/svaya/ws_moveit2/install/moveit_ros_control_interface:/home/svaya/ws_moveit2/install/moveit_plugins:/home/svaya/ws_moveit2/install/moveit_simple_controller_manager:/home/svaya/ws_moveit2/install/moveit_setup_assistant:/home/svaya/ws_moveit2/install/moveit_setup_srdf_plugins:/home/svaya/ws_moveit2/install/moveit_setup_core_plugins:/home/svaya/ws_moveit2/install/moveit_setup_controllers:/home/svaya/ws_moveit2/install/moveit_setup_app_plugins:/home/svaya/ws_moveit2/install/moveit_setup_framework:/home/svaya/ws_moveit2/install/moveit_servo:/home/svaya/ws_moveit2/install/moveit_ros:/home/svaya/ws_moveit2/install/moveit_ros_visualization:/home/svaya/ws_moveit2/install/moveit_hybrid_planning:/home/svaya/ws_moveit2/install/moveit_ros_planning_interface:/home/svaya/ws_moveit2/install/moveit_ros_benchmarks:/home/svaya/ws_moveit2/install/moveit_ros_warehouse:/home/svaya/ws_moveit2/install/moveit_ros_robot_interaction:/home/svaya/ws_moveit2/install/moveit_ros_perception:/home/svaya/ws_moveit2/install/moveit_resources_prbt_pg70_support:/home/svaya/ws_moveit2/install/moveit_resources_prbt_moveit_config:/home/svaya/ws_moveit2/install/moveit_ros_move_group:/home/svaya/ws_moveit2/install/moveit_planners_ompl:/home/svaya/ws_moveit2/install/moveit_ros_planning:/home/svaya/ws_moveit2/install/moveit_ros_occupancy_map_monitor:/home/svaya/ws_moveit2/install/moveit_resources_prbt_ikfast_manipulator_plugin:/home/svaya/ws_moveit2/install/moveit_planners_chomp:/home/svaya/ws_moveit2/install/moveit_kinematics:/home/svaya/ws_moveit2/install/moveit_chomp_optimizer_adapter:/home/svaya/ws_moveit2/install/chomp_motion_planner:/home/svaya/ws_moveit2/install/moveit_core:/home/svaya/ws_moveit2/install/srdfdom:/home/svaya/ws_moveit2/install/rviz_marker_tools:/home/svaya/ws_moveit2/install/rosparam_shortcuts:/home/svaya/ws_moveit2/install/moveit_task_constructor_msgs:/home/svaya/ws_moveit2/install/moveit_resources_prbt_support:/home/svaya/ws_moveit2/install/moveit_resources:/home/svaya/ws_moveit2/install/moveit_resources_pr2_description:/home/svaya/ws_moveit2/install/moveit_resources_panda_moveit_config:/home/svaya/ws_moveit2/install/moveit_resources_panda_description:/home/svaya/ws_moveit2/install/moveit_resources_fanuc_moveit_config:/home/svaya/ws_moveit2/install/moveit_resources_fanuc_description:/home/svaya/ws_moveit2/install/moveit_common:/home/svaya/ws_moveit2/install/moveit_configs_utils:/home/svaya/ws_moveit2/install/launch_param_builder:/opt/ros/humble:/home/svaya/ros_ws/install/urdf_tutorial:/home/svaya/ros_ws/install/urdf_launch:/home/svaya/ros_ws/install/cpp_srvcli:/home/svaya/ros_ws/install/cpp_pubsub:/home/svaya/ros_ws/install/tutorial_interfaces:/home/svaya/ros_ws/install/polygon_plugins:/home/svaya/ros_ws/install/polygon_base:/home/svaya/ros_ws/install/planner:/home/svaya/ros_ws/install/my_package:/home/svaya/ros_ws/install/more_interfaces:/home/svaya/ros_ws/install/cpp_parameters:/home/svaya/ros_ws/install/cartesian_planner:/home/svaya/ros_ws/install/bimanual:/home/svaya/ros_ws/install/action_tutorials_cpp:/home/svaya/ros_ws/install/action_tutorials_interfaces:/home/svaya/gz_control/install/ign_ros2_control_demos:/home/svaya/gz_control/install/ign_ros2_control:/home/svaya/gz_control/install/gz_ros2_control_tests:/home/svaya/gz_control/install/gz_ros2_control_demos:/home/svaya/gz_control/install/gz_ros2_control:/home/svaya/laser_ws/install/lms1xx /usr/bin/cmake --build /home/svaya/Pr_challenge/movit_challenge_ws/build/ur5e_arm_moveit_config -- -j28 -l28
[0.337s] DEBUG:colcon.colcon_core.event_handler.log_command:Invoked command in '/home/svaya/Pr_challenge/movit_challenge_ws/build/ur5e_arm_moveit_config' returned '0': CMAKE_PREFIX_PATH=/home/svaya/Pr_challenge/movit_challenge_ws/install/ur_description:/home/svaya/Pr_challenge/movit_challenge_ws/install/ur5e_arm_moveit_config:/home/svaya/ws_moveit2/install/pilz_industrial_motion_planner_testutils:/home/svaya/ws_moveit2/install/moveit_runtime:/home/svaya/ws_moveit2/install/moveit2_tutorials:/home/svaya/ws_moveit2/install/moveit:/home/svaya/ws_moveit2/install/moveit_planners:/home/svaya/ws_moveit2/install/pilz_industrial_motion_planner:/home/svaya/ws_moveit2/install/moveit_visual_tools:/home/svaya/ws_moveit2/install/moveit_task_constructor_visualization:/home/svaya/ws_moveit2/install/moveit_task_constructor_demo:/home/svaya/ws_moveit2/install/moveit_task_constructor_capabilities:/home/svaya/ws_moveit2/install/moveit_task_constructor_core:/home/svaya/ws_moveit2/install/moveit_ros_control_interface:/home/svaya/ws_moveit2/install/moveit_plugins:/home/svaya/ws_moveit2/install/moveit_simple_controller_manager:/home/svaya/ws_moveit2/install/moveit_setup_assistant:/home/svaya/ws_moveit2/install/moveit_setup_srdf_plugins:/home/svaya/ws_moveit2/install/moveit_setup_core_plugins:/home/svaya/ws_moveit2/install/moveit_setup_controllers:/home/svaya/ws_moveit2/install/moveit_setup_app_plugins:/home/svaya/ws_moveit2/install/moveit_setup_framework:/home/svaya/ws_moveit2/install/moveit_servo:/home/svaya/ws_moveit2/install/moveit_ros:/home/svaya/ws_moveit2/install/moveit_ros_visualization:/home/svaya/ws_moveit2/install/moveit_hybrid_planning:/home/svaya/ws_moveit2/install/moveit_ros_planning_interface:/home/svaya/ws_moveit2/install/moveit_ros_benchmarks:/home/svaya/ws_moveit2/install/moveit_ros_warehouse:/home/svaya/ws_moveit2/install/moveit_ros_robot_interaction:/home/svaya/ws_moveit2/install/moveit_ros_perception:/home/svaya/ws_moveit2/install/moveit_resources_prbt_pg70_support:/home/svaya/ws_moveit2/install/moveit_resources_prbt_moveit_config:/home/svaya/ws_moveit2/install/moveit_ros_move_group:/home/svaya/ws_moveit2/install/moveit_planners_ompl:/home/svaya/ws_moveit2/install/moveit_ros_planning:/home/svaya/ws_moveit2/install/moveit_ros_occupancy_map_monitor:/home/svaya/ws_moveit2/install/moveit_resources_prbt_ikfast_manipulator_plugin:/home/svaya/ws_moveit2/install/moveit_planners_chomp:/home/svaya/ws_moveit2/install/moveit_kinematics:/home/svaya/ws_moveit2/install/moveit_chomp_optimizer_adapter:/home/svaya/ws_moveit2/install/chomp_motion_planner:/home/svaya/ws_moveit2/install/moveit_core:/home/svaya/ws_moveit2/install/srdfdom:/home/svaya/ws_moveit2/install/rviz_marker_tools:/home/svaya/ws_moveit2/install/rosparam_shortcuts:/home/svaya/ws_moveit2/install/moveit_task_constructor_msgs:/home/svaya/ws_moveit2/install/moveit_resources_prbt_support:/home/svaya/ws_moveit2/install/moveit_resources:/home/svaya/ws_moveit2/install/moveit_resources_pr2_description:/home/svaya/ws_moveit2/install/moveit_resources_panda_moveit_config:/home/svaya/ws_moveit2/install/moveit_resources_panda_description:/home/svaya/ws_moveit2/install/moveit_resources_fanuc_moveit_config:/home/svaya/ws_moveit2/install/moveit_resources_fanuc_description:/home/svaya/ws_moveit2/install/moveit_common:/home/svaya/ws_moveit2/install/moveit_configs_utils:/home/svaya/ws_moveit2/install/launch_param_builder:/opt/ros/humble:/home/svaya/ros_ws/install/urdf_tutorial:/home/svaya/ros_ws/install/urdf_launch:/home/svaya/ros_ws/install/cpp_srvcli:/home/svaya/ros_ws/install/cpp_pubsub:/home/svaya/ros_ws/install/tutorial_interfaces:/home/svaya/ros_ws/install/polygon_plugins:/home/svaya/ros_ws/install/polygon_base:/home/svaya/ros_ws/install/planner:/home/svaya/ros_ws/install/my_package:/home/svaya/ros_ws/install/more_interfaces:/home/svaya/ros_ws/install/cpp_parameters:/home/svaya/ros_ws/install/cartesian_planner:/home/svaya/ros_ws/install/bimanual:/home/svaya/ros_ws/install/action_tutorials_cpp:/home/svaya/ros_ws/install/action_tutorials_interfaces:/home/svaya/gz_control/install/ign_ros2_control_demos:/home/svaya/gz_control/install/ign_ros2_control:/home/svaya/gz_control/install/gz_ros2_control_tests:/home/svaya/gz_control/install/gz_ros2_control_demos:/home/svaya/gz_control/install/gz_ros2_control:/home/svaya/laser_ws/install/lms1xx /usr/bin/cmake --build /home/svaya/Pr_challenge/movit_challenge_ws/build/ur5e_arm_moveit_config -- -j28 -l28
[0.337s] DEBUG:colcon.colcon_core.event_handler.log_command:Invoking command in '/home/svaya/Pr_challenge/movit_challenge_ws/build/ur5e_arm_moveit_config': CMAKE_PREFIX_PATH=/home/svaya/Pr_challenge/movit_challenge_ws/install/ur_description:/home/svaya/Pr_challenge/movit_challenge_ws/install/ur5e_arm_moveit_config:/home/svaya/ws_moveit2/install/pilz_industrial_motion_planner_testutils:/home/svaya/ws_moveit2/install/moveit_runtime:/home/svaya/ws_moveit2/install/moveit2_tutorials:/home/svaya/ws_moveit2/install/moveit:/home/svaya/ws_moveit2/install/moveit_planners:/home/svaya/ws_moveit2/install/pilz_industrial_motion_planner:/home/svaya/ws_moveit2/install/moveit_visual_tools:/home/svaya/ws_moveit2/install/moveit_task_constructor_visualization:/home/svaya/ws_moveit2/install/moveit_task_constructor_demo:/home/svaya/ws_moveit2/install/moveit_task_constructor_capabilities:/home/svaya/ws_moveit2/install/moveit_task_constructor_core:/home/svaya/ws_moveit2/install/moveit_ros_control_interface:/home/svaya/ws_moveit2/install/moveit_plugins:/home/svaya/ws_moveit2/install/moveit_simple_controller_manager:/home/svaya/ws_moveit2/install/moveit_setup_assistant:/home/svaya/ws_moveit2/install/moveit_setup_srdf_plugins:/home/svaya/ws_moveit2/install/moveit_setup_core_plugins:/home/svaya/ws_moveit2/install/moveit_setup_controllers:/home/svaya/ws_moveit2/install/moveit_setup_app_plugins:/home/svaya/ws_moveit2/install/moveit_setup_framework:/home/svaya/ws_moveit2/install/moveit_servo:/home/svaya/ws_moveit2/install/moveit_ros:/home/svaya/ws_moveit2/install/moveit_ros_visualization:/home/svaya/ws_moveit2/install/moveit_hybrid_planning:/home/svaya/ws_moveit2/install/moveit_ros_planning_interface:/home/svaya/ws_moveit2/install/moveit_ros_benchmarks:/home/svaya/ws_moveit2/install/moveit_ros_warehouse:/home/svaya/ws_moveit2/install/moveit_ros_robot_interaction:/home/svaya/ws_moveit2/install/moveit_ros_perception:/home/svaya/ws_moveit2/install/moveit_resources_prbt_pg70_support:/home/svaya/ws_moveit2/install/moveit_resources_prbt_moveit_config:/home/svaya/ws_moveit2/install/moveit_ros_move_group:/home/svaya/ws_moveit2/install/moveit_planners_ompl:/home/svaya/ws_moveit2/install/moveit_ros_planning:/home/svaya/ws_moveit2/install/moveit_ros_occupancy_map_monitor:/home/svaya/ws_moveit2/install/moveit_resources_prbt_ikfast_manipulator_plugin:/home/svaya/ws_moveit2/install/moveit_planners_chomp:/home/svaya/ws_moveit2/install/moveit_kinematics:/home/svaya/ws_moveit2/install/moveit_chomp_optimizer_adapter:/home/svaya/ws_moveit2/install/chomp_motion_planner:/home/svaya/ws_moveit2/install/moveit_core:/home/svaya/ws_moveit2/install/srdfdom:/home/svaya/ws_moveit2/install/rviz_marker_tools:/home/svaya/ws_moveit2/install/rosparam_shortcuts:/home/svaya/ws_moveit2/install/moveit_task_constructor_msgs:/home/svaya/ws_moveit2/install/moveit_resources_prbt_support:/home/svaya/ws_moveit2/install/moveit_resources:/home/svaya/ws_moveit2/install/moveit_resources_pr2_description:/home/svaya/ws_moveit2/install/moveit_resources_panda_moveit_config:/home/svaya/ws_moveit2/install/moveit_resources_panda_description:/home/svaya/ws_moveit2/install/moveit_resources_fanuc_moveit_config:/home/svaya/ws_moveit2/install/moveit_resources_fanuc_description:/home/svaya/ws_moveit2/install/moveit_common:/home/svaya/ws_moveit2/install/moveit_configs_utils:/home/svaya/ws_moveit2/install/launch_param_builder:/opt/ros/humble:/home/svaya/ros_ws/install/urdf_tutorial:/home/svaya/ros_ws/install/urdf_launch:/home/svaya/ros_ws/install/cpp_srvcli:/home/svaya/ros_ws/install/cpp_pubsub:/home/svaya/ros_ws/install/tutorial_interfaces:/home/svaya/ros_ws/install/polygon_plugins:/home/svaya/ros_ws/install/polygon_base:/home/svaya/ros_ws/install/planner:/home/svaya/ros_ws/install/my_package:/home/svaya/ros_ws/install/more_interfaces:/home/svaya/ros_ws/install/cpp_parameters:/home/svaya/ros_ws/install/cartesian_planner:/home/svaya/ros_ws/install/bimanual:/home/svaya/ros_ws/install/action_tutorials_cpp:/home/svaya/ros_ws/install/action_tutorials_interfaces:/home/svaya/gz_control/install/ign_ros2_control_demos:/home/svaya/gz_control/install/ign_ros2_control:/home/svaya/gz_control/install/gz_ros2_control_tests:/home/svaya/gz_control/install/gz_ros2_control_demos:/home/svaya/gz_control/install/gz_ros2_control:/home/svaya/laser_ws/install/lms1xx /usr/bin/cmake --install /home/svaya/Pr_challenge/movit_challenge_ws/build/ur5e_arm_moveit_config
[0.344s] Level 1:colcon.colcon_core.environment:create_environment_scripts_only(ur5e_arm_moveit_config)
[0.344s] Level 1:colcon.colcon_core.environment:checking '/home/svaya/Pr_challenge/movit_challenge_ws/install/ur5e_arm_moveit_config' for CMake module files
[0.345s] DEBUG:colcon.colcon_core.event_handler.log_command:Invoked command in '/home/svaya/Pr_challenge/movit_challenge_ws/build/ur5e_arm_moveit_config' returned '0': CMAKE_PREFIX_PATH=/home/svaya/Pr_challenge/movit_challenge_ws/install/ur_description:/home/svaya/Pr_challenge/movit_challenge_ws/install/ur5e_arm_moveit_config:/home/svaya/ws_moveit2/install/pilz_industrial_motion_planner_testutils:/home/svaya/ws_moveit2/install/moveit_runtime:/home/svaya/ws_moveit2/install/moveit2_tutorials:/home/svaya/ws_moveit2/install/moveit:/home/svaya/ws_moveit2/install/moveit_planners:/home/svaya/ws_moveit2/install/pilz_industrial_motion_planner:/home/svaya/ws_moveit2/install/moveit_visual_tools:/home/svaya/ws_moveit2/install/moveit_task_constructor_visualization:/home/svaya/ws_moveit2/install/moveit_task_constructor_demo:/home/svaya/ws_moveit2/install/moveit_task_constructor_capabilities:/home/svaya/ws_moveit2/install/moveit_task_constructor_core:/home/svaya/ws_moveit2/install/moveit_ros_control_interface:/home/svaya/ws_moveit2/install/moveit_plugins:/home/svaya/ws_moveit2/install/moveit_simple_controller_manager:/home/svaya/ws_moveit2/install/moveit_setup_assistant:/home/svaya/ws_moveit2/install/moveit_setup_srdf_plugins:/home/svaya/ws_moveit2/install/moveit_setup_core_plugins:/home/svaya/ws_moveit2/install/moveit_setup_controllers:/home/svaya/ws_moveit2/install/moveit_setup_app_plugins:/home/svaya/ws_moveit2/install/moveit_setup_framework:/home/svaya/ws_moveit2/install/moveit_servo:/home/svaya/ws_moveit2/install/moveit_ros:/home/svaya/ws_moveit2/install/moveit_ros_visualization:/home/svaya/ws_moveit2/install/moveit_hybrid_planning:/home/svaya/ws_moveit2/install/moveit_ros_planning_interface:/home/svaya/ws_moveit2/install/moveit_ros_benchmarks:/home/svaya/ws_moveit2/install/moveit_ros_warehouse:/home/svaya/ws_moveit2/install/moveit_ros_robot_interaction:/home/svaya/ws_moveit2/install/moveit_ros_perception:/home/svaya/ws_moveit2/install/moveit_resources_prbt_pg70_support:/home/svaya/ws_moveit2/install/moveit_resources_prbt_moveit_config:/home/svaya/ws_moveit2/install/moveit_ros_move_group:/home/svaya/ws_moveit2/install/moveit_planners_ompl:/home/svaya/ws_moveit2/install/moveit_ros_planning:/home/svaya/ws_moveit2/install/moveit_ros_occupancy_map_monitor:/home/svaya/ws_moveit2/install/moveit_resources_prbt_ikfast_manipulator_plugin:/home/svaya/ws_moveit2/install/moveit_planners_chomp:/home/svaya/ws_moveit2/install/moveit_kinematics:/home/svaya/ws_moveit2/install/moveit_chomp_optimizer_adapter:/home/svaya/ws_moveit2/install/chomp_motion_planner:/home/svaya/ws_moveit2/install/moveit_core:/home/svaya/ws_moveit2/install/srdfdom:/home/svaya/ws_moveit2/install/rviz_marker_tools:/home/svaya/ws_moveit2/install/rosparam_shortcuts:/home/svaya/ws_moveit2/install/moveit_task_constructor_msgs:/home/svaya/ws_moveit2/install/moveit_resources_prbt_support:/home/svaya/ws_moveit2/install/moveit_resources:/home/svaya/ws_moveit2/install/moveit_resources_pr2_description:/home/svaya/ws_moveit2/install/moveit_resources_panda_moveit_config:/home/svaya/ws_moveit2/install/moveit_resources_panda_description:/home/svaya/ws_moveit2/install/moveit_resources_fanuc_moveit_config:/home/svaya/ws_moveit2/install/moveit_resources_fanuc_description:/home/svaya/ws_moveit2/install/moveit_common:/home/svaya/ws_moveit2/install/moveit_configs_utils:/home/svaya/ws_moveit2/install/launch_param_builder:/opt/ros/humble:/home/svaya/ros_ws/install/urdf_tutorial:/home/svaya/ros_ws/install/urdf_launch:/home/svaya/ros_ws/install/cpp_srvcli:/home/svaya/ros_ws/install/cpp_pubsub:/home/svaya/ros_ws/install/tutorial_interfaces:/home/svaya/ros_ws/install/polygon_plugins:/home/svaya/ros_ws/install/polygon_base:/home/svaya/ros_ws/install/planner:/home/svaya/ros_ws/install/my_package:/home/svaya/ros_ws/install/more_interfaces:/home/svaya/ros_ws/install/cpp_parameters:/home/svaya/ros_ws/install/cartesian_planner:/home/svaya/ros_ws/install/bimanual:/home/svaya/ros_ws/install/action_tutorials_cpp:/home/svaya/ros_ws/install/action_tutorials_interfaces:/home/svaya/gz_control/install/ign_ros2_control_demos:/home/svaya/gz_control/install/ign_ros2_control:/home/svaya/gz_control/install/gz_ros2_control_tests:/home/svaya/gz_control/install/gz_ros2_control_demos:/home/svaya/gz_control/install/gz_ros2_control:/home/svaya/laser_ws/install/lms1xx /usr/bin/cmake --install /home/svaya/Pr_challenge/movit_challenge_ws/build/ur5e_arm_moveit_config
[0.345s] Level 1:colcon.colcon_core.environment:checking '/home/svaya/Pr_challenge/movit_challenge_ws/install/ur5e_arm_moveit_config' for CMake config files
[0.345s] Level 1:colcon.colcon_core.shell:create_environment_hook('ur5e_arm_moveit_config', 'cmake_prefix_path')
[0.345s] INFO:colcon.colcon_core.shell:Creating environment hook '/home/svaya/Pr_challenge/movit_challenge_ws/install/ur5e_arm_moveit_config/share/ur5e_arm_moveit_config/hook/cmake_prefix_path.ps1'
[0.345s] INFO:colcon.colcon_core.shell:Creating environment descriptor '/home/svaya/Pr_challenge/movit_challenge_ws/install/ur5e_arm_moveit_config/share/ur5e_arm_moveit_config/hook/cmake_prefix_path.dsv'
[0.345s] INFO:colcon.colcon_core.shell:Creating environment hook '/home/svaya/Pr_challenge/movit_challenge_ws/install/ur5e_arm_moveit_config/share/ur5e_arm_moveit_config/hook/cmake_prefix_path.sh'
[0.345s] Level 1:colcon.colcon_core.environment:checking '/home/svaya/Pr_challenge/movit_challenge_ws/install/ur5e_arm_moveit_config/bin'
[0.346s] Level 1:colcon.colcon_core.environment:checking '/home/svaya/Pr_challenge/movit_challenge_ws/install/ur5e_arm_moveit_config/lib/pkgconfig/ur5e_arm_moveit_config.pc'
[0.346s] Level 1:colcon.colcon_core.environment:checking '/home/svaya/Pr_challenge/movit_challenge_ws/install/ur5e_arm_moveit_config/lib/python3.10/site-packages'
[0.346s] Level 1:colcon.colcon_core.environment:checking '/home/svaya/Pr_challenge/movit_challenge_ws/install/ur5e_arm_moveit_config/bin'
[0.346s] INFO:colcon.colcon_core.shell:Creating package script '/home/svaya/Pr_challenge/movit_challenge_ws/install/ur5e_arm_moveit_config/share/ur5e_arm_moveit_config/package.ps1'
[0.346s] INFO:colcon.colcon_core.shell:Creating package descriptor '/home/svaya/Pr_challenge/movit_challenge_ws/install/ur5e_arm_moveit_config/share/ur5e_arm_moveit_config/package.dsv'
[0.346s] INFO:colcon.colcon_core.shell:Creating package script '/home/svaya/Pr_challenge/movit_challenge_ws/install/ur5e_arm_moveit_config/share/ur5e_arm_moveit_config/package.sh'
[0.346s] INFO:colcon.colcon_core.shell:Creating package script '/home/svaya/Pr_challenge/movit_challenge_ws/install/ur5e_arm_moveit_config/share/ur5e_arm_moveit_config/package.bash'
[0.346s] INFO:colcon.colcon_core.shell:Creating package script '/home/svaya/Pr_challenge/movit_challenge_ws/install/ur5e_arm_moveit_config/share/ur5e_arm_moveit_config/package.zsh'
[0.347s] Level 1:colcon.colcon_core.environment:create_file_with_runtime_dependencies(/home/svaya/Pr_challenge/movit_challenge_ws/install/ur5e_arm_moveit_config/share/colcon-core/packages/ur5e_arm_moveit_config)
[0.347s] Level 1:colcon.colcon_core.environment:create_environment_scripts_only(ur5e_arm_moveit_config)
[0.347s] Level 1:colcon.colcon_core.environment:checking '/home/svaya/Pr_challenge/movit_challenge_ws/install/ur5e_arm_moveit_config' for CMake module files
[0.347s] Level 1:colcon.colcon_core.environment:checking '/home/svaya/Pr_challenge/movit_challenge_ws/install/ur5e_arm_moveit_config' for CMake config files
[0.347s] Level 1:colcon.colcon_core.shell:create_environment_hook('ur5e_arm_moveit_config', 'cmake_prefix_path')
[0.347s] INFO:colcon.colcon_core.shell:Creating environment hook '/home/svaya/Pr_challenge/movit_challenge_ws/install/ur5e_arm_moveit_config/share/ur5e_arm_moveit_config/hook/cmake_prefix_path.ps1'
[0.347s] INFO:colcon.colcon_core.shell:Creating environment descriptor '/home/svaya/Pr_challenge/movit_challenge_ws/install/ur5e_arm_moveit_config/share/ur5e_arm_moveit_config/hook/cmake_prefix_path.dsv'
[0.347s] INFO:colcon.colcon_core.shell:Creating environment hook '/home/svaya/Pr_challenge/movit_challenge_ws/install/ur5e_arm_moveit_config/share/ur5e_arm_moveit_config/hook/cmake_prefix_path.sh'
[0.348s] Level 1:colcon.colcon_core.environment:checking '/home/svaya/Pr_challenge/movit_challenge_ws/install/ur5e_arm_moveit_config/bin'
[0.348s] Level 1:colcon.colcon_core.environment:checking '/home/svaya/Pr_challenge/movit_challenge_ws/install/ur5e_arm_moveit_config/lib/pkgconfig/ur5e_arm_moveit_config.pc'
[0.348s] Level 1:colcon.colcon_core.environment:checking '/home/svaya/Pr_challenge/movit_challenge_ws/install/ur5e_arm_moveit_config/lib/python3.10/site-packages'
[0.348s] Level 1:colcon.colcon_core.environment:checking '/home/svaya/Pr_challenge/movit_challenge_ws/install/ur5e_arm_moveit_config/bin'
[0.348s] INFO:colcon.colcon_core.shell:Creating package script '/home/svaya/Pr_challenge/movit_challenge_ws/install/ur5e_arm_moveit_config/share/ur5e_arm_moveit_config/package.ps1'
[0.348s] INFO:colcon.colcon_core.shell:Creating package descriptor '/home/svaya/Pr_challenge/movit_challenge_ws/install/ur5e_arm_moveit_config/share/ur5e_arm_moveit_config/package.dsv'
[0.348s] INFO:colcon.colcon_core.shell:Creating package script '/home/svaya/Pr_challenge/movit_challenge_ws/install/ur5e_arm_moveit_config/share/ur5e_arm_moveit_config/package.sh'
[0.349s] INFO:colcon.colcon_core.shell:Creating package script '/home/svaya/Pr_challenge/movit_challenge_ws/install/ur5e_arm_moveit_config/share/ur5e_arm_moveit_config/package.bash'
[0.349s] INFO:colcon.colcon_core.shell:Creating package script '/home/svaya/Pr_challenge/movit_challenge_ws/install/ur5e_arm_moveit_config/share/ur5e_arm_moveit_config/package.zsh'
[0.349s] Level 1:colcon.colcon_core.environment:create_file_with_runtime_dependencies(/home/svaya/Pr_challenge/movit_challenge_ws/install/ur5e_arm_moveit_config/share/colcon-core/packages/ur5e_arm_moveit_config)
[0.349s] DEBUG:colcon.colcon_parallel_executor.executor.parallel:closing loop
[0.349s] DEBUG:colcon.colcon_parallel_executor.executor.parallel:loop closed
[0.349s] DEBUG:colcon.colcon_parallel_executor.executor.parallel:run_until_complete finished with '0'
[0.349s] DEBUG:colcon.colcon_core.event_reactor:joining thread
[0.352s] INFO:colcon.colcon_core.plugin_system:Skipping extension 'colcon_notification.desktop_notification.terminal_notifier': Not used on non-Darwin systems
[0.352s] INFO:colcon.colcon_core.plugin_system:Skipping extension 'colcon_notification.desktop_notification.win32': Not used on non-Windows systems
[0.352s] INFO:colcon.colcon_notification.desktop_notification:Sending desktop notification using 'notify2'
[0.356s] DEBUG:colcon.colcon_core.event_reactor:joined thread
[0.357s] INFO:colcon.colcon_core.shell:Creating prefix script '/home/svaya/Pr_challenge/movit_challenge_ws/install/local_setup.ps1'
[0.357s] INFO:colcon.colcon_core.shell:Creating prefix util module '/home/svaya/Pr_challenge/movit_challenge_ws/install/_local_setup_util_ps1.py'
[0.357s] INFO:colcon.colcon_core.shell:Creating prefix chain script '/home/svaya/Pr_challenge/movit_challenge_ws/install/setup.ps1'
[0.359s] INFO:colcon.colcon_core.shell:Creating prefix script '/home/svaya/Pr_challenge/movit_challenge_ws/install/local_setup.sh'
[0.359s] INFO:colcon.colcon_core.shell:Creating prefix util module '/home/svaya/Pr_challenge/movit_challenge_ws/install/_local_setup_util_sh.py'
[0.359s] INFO:colcon.colcon_core.shell:Creating prefix chain script '/home/svaya/Pr_challenge/movit_challenge_ws/install/setup.sh'
[0.361s] INFO:colcon.colcon_core.shell:Creating prefix script '/home/svaya/Pr_challenge/movit_challenge_ws/install/local_setup.bash'
[0.361s] INFO:colcon.colcon_core.shell:Creating prefix chain script '/home/svaya/Pr_challenge/movit_challenge_ws/install/setup.bash'
[0.362s] INFO:colcon.colcon_core.shell:Creating prefix script '/home/svaya/Pr_challenge/movit_challenge_ws/install/local_setup.zsh'
[0.362s] INFO:colcon.colcon_core.shell:Creating prefix chain script '/home/svaya/Pr_challenge/movit_challenge_ws/install/setup.zsh'
